c:\users\shengfehe2.cslabnt\desktop\ta\mm_project\imageretrieval_project\imageretrieval\release\vc120.pdb
c:\users\shengfehe2.cslabnt\desktop\ta\mm_project\imageretrieval_project\imageretrieval\release\main.obj
c:\users\shengfehe2.cslabnt\desktop\ta\mm_project\imageretrieval_project\imageretrieval\release\comparehist_demo.obj
c:\users\shengfehe2.cslabnt\desktop\ta\mm_project\imageretrieval_project\imageretrieval\release\fusionfeature.obj
c:\users\shengfehe2.cslabnt\desktop\ta\mm_project\imageretrieval_project\imageretrieval\release\similaritymeasure.obj
c:\users\shengfehe2.cslabnt\desktop\ta\mm_project\imageretrieval_project\imageretrieval\release\imageretrieval.exe.intermediate.manifest
c:\users\shengfehe2.cslabnt\desktop\ta\mm_project\imageretrieval_project\imageretrieval\release\opendir.exe.intermediate.manifest
c:\users\shengfehe2.cslabnt\desktop\ta\mm_project\imageretrieval_project\imageretrieval\release\vc90.idb
c:\users\shengfehe2.cslabnt\desktop\ta\mm_project\imageretrieval_project\imageretrieval\release\vc90.pdb
c:\users\shengfehe2.cslabnt\desktop\ta\mm_project\imageretrieval_project\release\imageretrieval.pdb
c:\users\shengfehe2.cslabnt\desktop\ta\mm_project\imageretrieval_project\imageretrieval\release\imageretrieval.tlog\cl.command.1.tlog
c:\users\shengfehe2.cslabnt\desktop\ta\mm_project\imageretrieval_project\imageretrieval\release\imageretrieval.tlog\cl.read.1.tlog
c:\users\shengfehe2.cslabnt\desktop\ta\mm_project\imageretrieval_project\imageretrieval\release\imageretrieval.tlog\cl.write.1.tlog
c:\users\shengfehe2.cslabnt\desktop\ta\mm_project\imageretrieval_project\imageretrieval\release\imageretrieval.tlog\link-cvtres.read.1.tlog
c:\users\shengfehe2.cslabnt\desktop\ta\mm_project\imageretrieval_project\imageretrieval\release\imageretrieval.tlog\link-cvtres.write.1.tlog
c:\users\shengfehe2.cslabnt\desktop\ta\mm_project\imageretrieval_project\imageretrieval\release\imageretrieval.tlog\link-rc.read.1.tlog
c:\users\shengfehe2.cslabnt\desktop\ta\mm_project\imageretrieval_project\imageretrieval\release\imageretrieval.tlog\link-rc.write.1.tlog
c:\users\shengfehe2.cslabnt\desktop\ta\mm_project\imageretrieval_project\imageretrieval\release\imageretrieval.tlog\link.command.1.tlog
c:\users\shengfehe2.cslabnt\desktop\ta\mm_project\imageretrieval_project\imageretrieval\release\imageretrieval.tlog\link.read.1.tlog
c:\users\shengfehe2.cslabnt\desktop\ta\mm_project\imageretrieval_project\imageretrieval\release\imageretrieval.tlog\link.write.1.tlog
