Build started 2014/11/23 19:12:44.
     1>Project "C:\Users\Ymf\Desktop\MY COURSES\MULTIMEDIA\ImageRetrieval_final\ImageRetrieval_Project\ImageRetrieval\ImageRetrieval.vcxproj" on node 2 (Build target(s)).
     1>ClCompile:
         D:\Microsoft Visual Studio 12.0\VC\bin\CL.exe /c /Zi /nologo /W3 /WX- /O2 /Oy- /GL /D WIN32 /D NDEBUG /D _CONSOLE /D _UNICODE /D UNICODE /Gm- /EHsc /MD /GS /fp:precise /Zc:wchar_t /Zc:forScope /Fo"Release\\" /Fd"Release\vc120.pdb" /Gd /TP /analyze- /errorReport:prompt Main.cpp
         Main.cpp
     1>Main.cpp(106): warning C4244: '=' : conversion from 'double' to 'int', possible loss of data
     1>Main.cpp(185): warning C4244: 'return' : conversion from 'double' to 'int', possible loss of data
     1>Main.cpp(256): warning C4018: '<' : signed/unsigned mismatch
     1>Main.cpp(258): warning C4018: '<' : signed/unsigned mismatch
     1>Main.cpp(265): warning C4018: '<' : signed/unsigned mismatch
     1>Main.cpp(268): warning C4018: '<' : signed/unsigned mismatch
     1>Main.cpp(279): warning C4996: 'itoa': The POSIX name for this item is deprecated. Instead, use the ISO C++ conformant name: _itoa. See online help for details.
                 D:\Microsoft Visual Studio 12.0\VC\include\stdlib.h(937) : see declaration of 'itoa'
     1>Main.cpp(224): warning C4101: 'tempname' : unreferenced local variable
       Link:
         D:\Microsoft Visual Studio 12.0\VC\bin\link.exe /ERRORREPORT:PROMPT /OUT:"C:\Users\Ymf\Desktop\MY COURSES\MULTIMEDIA\ImageRetrieval_final\ImageRetrieval_Project\Release\ImageRetrieval.exe" /INCREMENTAL:NO /NOLOGO opencv_core249.lib opencv_highgui249.lib opencv_video249.lib opencv_ml249.lib opencv_legacy249.lib opencv_imgproc249.lib opencv_calib3d249.lib opencv_contrib249.lib opencv_core249.lib opencv_features2d249.lib opencv_flann249.lib opencv_gpu249.lib opencv_highgui249.lib opencv_imgproc249.lib opencv_legacy249.lib opencv_ml249.lib opencv_nonfree249.lib opencv_objdetect249.lib opencv_ocl249.lib opencv_photo249.lib opencv_stitching249.lib opencv_superres249.lib opencv_ts249.lib opencv_video249.lib opencv_videostab249.lib kernel32.lib user32.lib gdi32.lib winspool.lib comdlg32.lib advapi32.lib shell32.lib ole32.lib oleaut32.lib uuid.lib odbc32.lib odbccp32.lib /MANIFEST /MANIFESTUAC:"level='asInvoker' uiAccess='false'" /manifest:embed /DEBUG /PDB:"C:\Users\Ymf\Desktop\MY COURSES\MULTIMEDIA\ImageRetrieval_final\ImageRetrieval_Project\Release\ImageRetrieval.pdb" /SUBSYSTEM:CONSOLE /OPT:REF /OPT:ICF /LTCG /TLBID:1 /DYNAMICBASE:NO /IMPLIB:"C:\Users\Ymf\Desktop\MY COURSES\MULTIMEDIA\ImageRetrieval_final\ImageRetrieval_Project\Release\ImageRetrieval.lib" /MACHINE:X86 /SAFESEH Release\Main.obj
         Generating code
         Finished generating code
         ImageRetrieval.vcxproj -> C:\Users\Ymf\Desktop\MY COURSES\MULTIMEDIA\ImageRetrieval_final\ImageRetrieval_Project\Release\ImageRetrieval.exe
     1>Done Building Project "C:\Users\Ymf\Desktop\MY COURSES\MULTIMEDIA\ImageRetrieval_final\ImageRetrieval_Project\ImageRetrieval\ImageRetrieval.vcxproj" (Build target(s)).

Build succeeded.

Time Elapsed 00:00:05.48
